{"C:\\Users\\charl\\web dev\\fenix-26\\backend\\src\\middleware\\errorHandler.js": {"path":"C:\\Users\\charl\\web dev\\fenix-26\\backend\\src\\middleware\\errorHandler.js","statementMap":{"0":{"start":{"line":4,"column":21},"end":{"line":4,"column":42}},"1":{"start":{"line":5,"column":18},"end":{"line":5,"column":75}},"2":{"start":{"line":6,"column":15},"end":{"line":6,"column":43}},"3":{"start":{"line":8,"column":2},"end":{"line":13,"column":5}},"4":{"start":{"line":15,"column":2},"end":{"line":23,"column":5}},"5":{"start":{"line":28,"column":4},"end":{"line":28,"column":19}},"6":{"start":{"line":29,"column":4},"end":{"line":29,"column":33}},"7":{"start":{"line":30,"column":4},"end":{"line":30,"column":21}},"8":{"start":{"line":31,"column":4},"end":{"line":31,"column":39}},"9":{"start":{"line":32,"column":4},"end":{"line":32,"column":52}}},"fnMap":{"0":{"name":"errorHandler","decl":{"start":{"line":3,"column":16},"end":{"line":3,"column":28}},"loc":{"start":{"line":3,"column":50},"end":{"line":24,"column":1}},"line":3},"1":{"name":"(anonymous_1)","decl":{"start":{"line":27,"column":2},"end":{"line":27,"column":3}},"loc":{"start":{"line":27,"column":88},"end":{"line":33,"column":3}},"line":27}},"branchMap":{"0":{"loc":{"start":{"line":4,"column":21},"end":{"line":4,"column":42}},"type":"binary-expr","locations":[{"start":{"line":4,"column":21},"end":{"line":4,"column":35}},{"start":{"line":4,"column":39},"end":{"line":4,"column":42}}],"line":4},"1":{"loc":{"start":{"line":5,"column":18},"end":{"line":5,"column":75}},"type":"cond-expr","locations":[{"start":{"line":5,"column":38},"end":{"line":5,"column":49}},{"start":{"line":5,"column":52},"end":{"line":5,"column":75}}],"line":5},"2":{"loc":{"start":{"line":6,"column":15},"end":{"line":6,"column":43}},"type":"binary-expr","locations":[{"start":{"line":6,"column":15},"end":{"line":6,"column":23}},{"start":{"line":6,"column":27},"end":{"line":6,"column":43}}],"line":6},"3":{"loc":{"start":{"line":10,"column":11},"end":{"line":10,"column":73}},"type":"cond-expr","locations":[{"start":{"line":10,"column":52},"end":{"line":10,"column":61}},{"start":{"line":10,"column":64},"end":{"line":10,"column":73}}],"line":10},"4":{"loc":{"start":{"line":19,"column":8},"end":{"line":22,"column":5}},"type":"binary-expr","locations":[{"start":{"line":19,"column":8},"end":{"line":19,"column":46}},{"start":{"line":19,"column":50},"end":{"line":22,"column":5}}],"line":19},"5":{"loc":{"start":{"line":21,"column":13},"end":{"line":21,"column":125}},"type":"cond-expr","locations":[{"start":{"line":21,"column":25},"end":{"line":21,"column":113}},{"start":{"line":21,"column":116},"end":{"line":21,"column":125}}],"line":21},"6":{"loc":{"start":{"line":27,"column":23},"end":{"line":27,"column":39}},"type":"default-arg","locations":[{"start":{"line":27,"column":36},"end":{"line":27,"column":39}}],"line":27},"7":{"loc":{"start":{"line":27,"column":41},"end":{"line":27,"column":64}},"type":"default-arg","locations":[{"start":{"line":27,"column":48},"end":{"line":27,"column":64}}],"line":27},"8":{"loc":{"start":{"line":27,"column":66},"end":{"line":27,"column":86}},"type":"default-arg","locations":[{"start":{"line":27,"column":82},"end":{"line":27,"column":86}}],"line":27}},"s":{"0":0,"1":0,"2":0,"3":0,"4":0,"5":2,"6":2,"7":2,"8":2,"9":2},"f":{"0":0,"1":2},"b":{"0":[0,0],"1":[0,0],"2":[0,0],"3":[0,0],"4":[0,0],"5":[0,0],"6":[0],"7":[0],"8":[2]},"_coverageSchema":"1a1c01bbd47fc00a2c39e90264f33305004495a9","hash":"0420e035a31dcd92d2ba0a02c8ba840c64bd1851"}
,"C:\\Users\\charl\\web dev\\fenix-26\\backend\\src\\models\\Event.js": {"path":"C:\\Users\\charl\\web dev\\fenix-26\\backend\\src\\models\\Event.js","statementMap":{"0":{"start":{"line":3,"column":27},"end":{"line":9,"column":2}},"1":{"start":{"line":11,"column":30},"end":{"line":16,"column":2}},"2":{"start":{"line":18,"column":28},"end":{"line":29,"column":2}},"3":{"start":{"line":31,"column":22},"end":{"line":31,"column":91}}},"fnMap":{},"branchMap":{},"s":{"0":1,"1":1,"2":1,"3":1},"f":{},"b":{},"_coverageSchema":"1a1c01bbd47fc00a2c39e90264f33305004495a9","hash":"1e1e48a73589755753755ea217b1c7a926b47d6f"}
,"C:\\Users\\charl\\web dev\\fenix-26\\backend\\src\\models\\Registration.js": {"path":"C:\\Users\\charl\\web dev\\fenix-26\\backend\\src\\models\\Registration.js","statementMap":{"0":{"start":{"line":4,"column":26},"end":{"line":7,"column":18}},"1":{"start":{"line":9,"column":29},"end":{"line":12,"column":18}},"2":{"start":{"line":14,"column":28},"end":{"line":19,"column":2}},"3":{"start":{"line":21,"column":23},"end":{"line":25,"column":2}},"4":{"start":{"line":27,"column":22},"end":{"line":45,"column":2}},"5":{"start":{"line":47,"column":27},"end":{"line":87,"column":24}},"6":{"start":{"line":89,"column":0},"end":{"line":89,"column":39}},"7":{"start":{"line":90,"column":0},"end":{"line":90,"column":39}},"8":{"start":{"line":91,"column":0},"end":{"line":91,"column":75}},"9":{"start":{"line":92,"column":0},"end":{"line":92,"column":52}},"10":{"start":{"line":93,"column":0},"end":{"line":93,"column":44}},"11":{"start":{"line":95,"column":0},"end":{"line":100,"column":3}},"12":{"start":{"line":96,"column":2},"end":{"line":98,"column":3}},"13":{"start":{"line":97,"column":4},"end":{"line":97,"column":51}},"14":{"start":{"line":99,"column":2},"end":{"line":99,"column":9}},"15":{"start":{"line":102,"column":21},"end":{"line":102,"column":71}}},"fnMap":{"0":{"name":"(anonymous_0)","decl":{"start":{"line":95,"column":31},"end":{"line":95,"column":32}},"loc":{"start":{"line":95,"column":47},"end":{"line":100,"column":1}},"line":95}},"branchMap":{"0":{"loc":{"start":{"line":96,"column":2},"end":{"line":98,"column":3}},"type":"if","locations":[{"start":{"line":96,"column":2},"end":{"line":98,"column":3}},{"start":{},"end":{}}],"line":96}},"s":{"0":1,"1":1,"2":1,"3":1,"4":1,"5":1,"6":1,"7":1,"8":1,"9":1,"10":1,"11":1,"12":2,"13":0,"14":2,"15":1},"f":{"0":2},"b":{"0":[0,2]},"_coverageSchema":"1a1c01bbd47fc00a2c39e90264f33305004495a9","hash":"c185fc7c19b4ff150e4841137ac899fe69bb74ed"}
,"C:\\Users\\charl\\web dev\\fenix-26\\backend\\src\\services\\paymentService.js": {"path":"C:\\Users\\charl\\web dev\\fenix-26\\backend\\src\\services\\paymentService.js","statementMap":{"0":{"start":{"line":6,"column":26},"end":{"line":10,"column":2}},"1":{"start":{"line":13,"column":2},"end":{"line":88,"column":3}},"2":{"start":{"line":14,"column":19},"end":{"line":14,"column":48}},"3":{"start":{"line":15,"column":4},"end":{"line":17,"column":5}},"4":{"start":{"line":16,"column":6},"end":{"line":16,"column":57}},"5":{"start":{"line":19,"column":21},"end":{"line":19,"column":30}},"6":{"start":{"line":20,"column":4},"end":{"line":22,"column":7}},"7":{"start":{"line":21,"column":6},"end":{"line":21,"column":30}},"8":{"start":{"line":26,"column":22},"end":{"line":26,"column":23}},"9":{"start":{"line":27,"column":25},"end":{"line":27,"column":27}},"10":{"start":{"line":29,"column":4},"end":{"line":43,"column":5}},"11":{"start":{"line":30,"column":20},"end":{"line":30,"column":38}},"12":{"start":{"line":31,"column":6},"end":{"line":33,"column":7}},"13":{"start":{"line":32,"column":8},"end":{"line":32,"column":50}},"14":{"start":{"line":34,"column":6},"end":{"line":36,"column":7}},"15":{"start":{"line":35,"column":8},"end":{"line":35,"column":56}},"16":{"start":{"line":37,"column":6},"end":{"line":42,"column":9}},"17":{"start":{"line":45,"column":4},"end":{"line":59,"column":5}},"18":{"start":{"line":46,"column":17},"end":{"line":46,"column":66}},"19":{"start":{"line":46,"column":46},"end":{"line":46,"column":65}},"20":{"start":{"line":47,"column":6},"end":{"line":49,"column":7}},"21":{"start":{"line":48,"column":8},"end":{"line":48,"column":57}},"22":{"start":{"line":50,"column":6},"end":{"line":52,"column":7}},"23":{"start":{"line":51,"column":8},"end":{"line":51,"column":63}},"24":{"start":{"line":53,"column":6},"end":{"line":53,"column":30}},"25":{"start":{"line":54,"column":6},"end":{"line":58,"column":9}},"26":{"start":{"line":61,"column":22},"end":{"line":61,"column":83}},"27":{"start":{"line":61,"column":49},"end":{"line":61,"column":75}},"28":{"start":{"line":62,"column":25},"end":{"line":62,"column":90}},"29":{"start":{"line":62,"column":52},"end":{"line":62,"column":82}},"30":{"start":{"line":63,"column":25},"end":{"line":63,"column":117}},"31":{"start":{"line":65,"column":4},"end":{"line":67,"column":5}},"32":{"start":{"line":66,"column":6},"end":{"line":66,"column":162}},"33":{"start":{"line":69,"column":26},"end":{"line":69,"column":27}},"34":{"start":{"line":70,"column":4},"end":{"line":80,"column":5}},"35":{"start":{"line":71,"column":6},"end":{"line":71,"column":53}},"36":{"start":{"line":72,"column":11},"end":{"line":80,"column":5}},"37":{"start":{"line":73,"column":6},"end":{"line":79,"column":7}},"38":{"start":{"line":74,"column":8},"end":{"line":74,"column":50}},"39":{"start":{"line":75,"column":13},"end":{"line":79,"column":7}},"40":{"start":{"line":76,"column":8},"end":{"line":76,"column":50}},"41":{"start":{"line":78,"column":8},"end":{"line":78,"column":83}},"42":{"start":{"line":82,"column":4},"end":{"line":82,"column":35}},"43":{"start":{"line":84,"column":4},"end":{"line":84,"column":58}},"44":{"start":{"line":86,"column":4},"end":{"line":86,"column":61}},"45":{"start":{"line":87,"column":4},"end":{"line":87,"column":14}},"46":{"start":{"line":92,"column":23},"end":{"line":92,"column":69}},"47":{"start":{"line":93,"column":2},"end":{"line":95,"column":3}},"48":{"start":{"line":94,"column":4},"end":{"line":94,"column":46}},"49":{"start":{"line":97,"column":2},"end":{"line":99,"column":3}},"50":{"start":{"line":98,"column":4},"end":{"line":98,"column":95}},"51":{"start":{"line":101,"column":2},"end":{"line":101,"column":53}},"52":{"start":{"line":102,"column":2},"end":{"line":102,"column":63}},"53":{"start":{"line":103,"column":2},"end":{"line":103,"column":55}},"54":{"start":{"line":104,"column":2},"end":{"line":104,"column":47}},"55":{"start":{"line":105,"column":2},"end":{"line":105,"column":56}},"56":{"start":{"line":106,"column":2},"end":{"line":106,"column":39}},"57":{"start":{"line":108,"column":2},"end":{"line":108,"column":28}},"58":{"start":{"line":109,"column":2},"end":{"line":109,"column":96}},"59":{"start":{"line":111,"column":2},"end":{"line":111,"column":22}},"60":{"start":{"line":115,"column":23},"end":{"line":115,"column":69}},"61":{"start":{"line":116,"column":2},"end":{"line":118,"column":3}},"62":{"start":{"line":117,"column":4},"end":{"line":117,"column":46}},"63":{"start":{"line":120,"column":2},"end":{"line":136,"column":3}},"64":{"start":{"line":121,"column":4},"end":{"line":124,"column":5}},"65":{"start":{"line":122,"column":6},"end":{"line":122,"column":68}},"66":{"start":{"line":123,"column":6},"end":{"line":123,"column":26}},"67":{"start":{"line":125,"column":4},"end":{"line":127,"column":5}},"68":{"start":{"line":126,"column":6},"end":{"line":126,"column":58}},"69":{"start":{"line":128,"column":4},"end":{"line":128,"column":45}},"70":{"start":{"line":129,"column":4},"end":{"line":129,"column":59}},"71":{"start":{"line":130,"column":4},"end":{"line":130,"column":49}},"72":{"start":{"line":131,"column":4},"end":{"line":131,"column":49}},"73":{"start":{"line":132,"column":4},"end":{"line":132,"column":49}},"74":{"start":{"line":133,"column":4},"end":{"line":133,"column":30}},"75":{"start":{"line":134,"column":4},"end":{"line":134,"column":78}},"76":{"start":{"line":135,"column":4},"end":{"line":135,"column":24}},"77":{"start":{"line":138,"column":2},"end":{"line":141,"column":3}},"78":{"start":{"line":139,"column":4},"end":{"line":139,"column":66}},"79":{"start":{"line":140,"column":4},"end":{"line":140,"column":24}},"80":{"start":{"line":143,"column":2},"end":{"line":145,"column":3}},"81":{"start":{"line":144,"column":4},"end":{"line":144,"column":56}},"82":{"start":{"line":147,"column":2},"end":{"line":147,"column":43}},"83":{"start":{"line":148,"column":2},"end":{"line":148,"column":47}},"84":{"start":{"line":149,"column":2},"end":{"line":149,"column":47}},"85":{"start":{"line":150,"column":2},"end":{"line":150,"column":48}},"86":{"start":{"line":151,"column":2},"end":{"line":151,"column":39}},"87":{"start":{"line":152,"column":2},"end":{"line":152,"column":28}},"88":{"start":{"line":153,"column":2},"end":{"line":153,"column":56}},"89":{"start":{"line":155,"column":2},"end":{"line":155,"column":22}},"90":{"start":{"line":159,"column":2},"end":{"line":159,"column":63}},"91":{"start":{"line":163,"column":2},"end":{"line":163,"column":54}},"92":{"start":{"line":167,"column":2},"end":{"line":167,"column":54}}},"fnMap":{"0":{"name":"calculateAmount","decl":{"start":{"line":12,"column":22},"end":{"line":12,"column":37}},"loc":{"start":{"line":12,"column":130},"end":{"line":89,"column":1}},"line":12},"1":{"name":"(anonymous_1)","decl":{"start":{"line":20,"column":26},"end":{"line":20,"column":27}},"loc":{"start":{"line":20,"column":33},"end":{"line":22,"column":5}},"line":20},"2":{"name":"(anonymous_2)","decl":{"start":{"line":46,"column":39},"end":{"line":46,"column":40}},"loc":{"start":{"line":46,"column":46},"end":{"line":46,"column":65}},"line":46},"3":{"name":"(anonymous_3)","decl":{"start":{"line":61,"column":42},"end":{"line":61,"column":43}},"loc":{"start":{"line":61,"column":49},"end":{"line":61,"column":75}},"line":61},"4":{"name":"(anonymous_4)","decl":{"start":{"line":62,"column":45},"end":{"line":62,"column":46}},"loc":{"start":{"line":62,"column":52},"end":{"line":62,"column":82}},"line":62},"5":{"name":"processPaymentScreenshot","decl":{"start":{"line":91,"column":22},"end":{"line":91,"column":46}},"loc":{"start":{"line":91,"column":98},"end":{"line":112,"column":1}},"line":91},"6":{"name":"verifyPayment","decl":{"start":{"line":114,"column":22},"end":{"line":114,"column":35}},"loc":{"start":{"line":114,"column":88},"end":{"line":156,"column":1}},"line":114},"7":{"name":"getRegistrationByRegId","decl":{"start":{"line":158,"column":22},"end":{"line":158,"column":44}},"loc":{"start":{"line":158,"column":61},"end":{"line":160,"column":1}},"line":158},"8":{"name":"getRegistrationByEmail","decl":{"start":{"line":162,"column":22},"end":{"line":162,"column":44}},"loc":{"start":{"line":162,"column":52},"end":{"line":164,"column":1}},"line":162},"9":{"name":"checkDuplicateRegistration","decl":{"start":{"line":166,"column":22},"end":{"line":166,"column":48}},"loc":{"start":{"line":166,"column":56},"end":{"line":168,"column":1}},"line":166}},"branchMap":{"0":{"loc":{"start":{"line":12,"column":38},"end":{"line":12,"column":57}},"type":"default-arg","locations":[{"start":{"line":12,"column":55},"end":{"line":12,"column":57}}],"line":12},"1":{"loc":{"start":{"line":12,"column":59},"end":{"line":12,"column":73}},"type":"default-arg","locations":[{"start":{"line":12,"column":71},"end":{"line":12,"column":73}}],"line":12},"2":{"loc":{"start":{"line":12,"column":75},"end":{"line":12,"column":106}},"type":"default-arg","locations":[{"start":{"line":12,"column":94},"end":{"line":12,"column":106}}],"line":12},"3":{"loc":{"start":{"line":12,"column":108},"end":{"line":12,"column":128}},"type":"default-arg","locations":[{"start":{"line":12,"column":127},"end":{"line":12,"column":128}}],"line":12},"4":{"loc":{"start":{"line":15,"column":4},"end":{"line":17,"column":5}},"type":"if","locations":[{"start":{"line":15,"column":4},"end":{"line":17,"column":5}},{"start":{},"end":{}}],"line":15},"5":{"loc":{"start":{"line":31,"column":6},"end":{"line":33,"column":7}},"type":"if","locations":[{"start":{"line":31,"column":6},"end":{"line":33,"column":7}},{"start":{},"end":{}}],"line":31},"6":{"loc":{"start":{"line":34,"column":6},"end":{"line":36,"column":7}},"type":"if","locations":[{"start":{"line":34,"column":6},"end":{"line":36,"column":7}},{"start":{},"end":{}}],"line":34},"7":{"loc":{"start":{"line":47,"column":6},"end":{"line":49,"column":7}},"type":"if","locations":[{"start":{"line":47,"column":6},"end":{"line":49,"column":7}},{"start":{},"end":{}}],"line":47},"8":{"loc":{"start":{"line":50,"column":6},"end":{"line":52,"column":7}},"type":"if","locations":[{"start":{"line":50,"column":6},"end":{"line":52,"column":7}},{"start":{},"end":{}}],"line":50},"9":{"loc":{"start":{"line":63,"column":25},"end":{"line":63,"column":117}},"type":"binary-expr","locations":[{"start":{"line":63,"column":25},"end":{"line":63,"column":66}},{"start":{"line":63,"column":70},"end":{"line":63,"column":117}}],"line":63},"10":{"loc":{"start":{"line":65,"column":4},"end":{"line":67,"column":5}},"type":"if","locations":[{"start":{"line":65,"column":4},"end":{"line":67,"column":5}},{"start":{},"end":{}}],"line":65},"11":{"loc":{"start":{"line":70,"column":4},"end":{"line":80,"column":5}},"type":"if","locations":[{"start":{"line":70,"column":4},"end":{"line":80,"column":5}},{"start":{"line":72,"column":11},"end":{"line":80,"column":5}}],"line":70},"12":{"loc":{"start":{"line":72,"column":11},"end":{"line":80,"column":5}},"type":"if","locations":[{"start":{"line":72,"column":11},"end":{"line":80,"column":5}},{"start":{},"end":{}}],"line":72},"13":{"loc":{"start":{"line":73,"column":6},"end":{"line":79,"column":7}},"type":"if","locations":[{"start":{"line":73,"column":6},"end":{"line":79,"column":7}},{"start":{"line":75,"column":13},"end":{"line":79,"column":7}}],"line":73},"14":{"loc":{"start":{"line":75,"column":13},"end":{"line":79,"column":7}},"type":"if","locations":[{"start":{"line":75,"column":13},"end":{"line":79,"column":7}},{"start":{"line":77,"column":13},"end":{"line":79,"column":7}}],"line":75},"15":{"loc":{"start":{"line":93,"column":2},"end":{"line":95,"column":3}},"type":"if","locations":[{"start":{"line":93,"column":2},"end":{"line":95,"column":3}},{"start":{},"end":{}}],"line":93},"16":{"loc":{"start":{"line":97,"column":2},"end":{"line":99,"column":3}},"type":"if","locations":[{"start":{"line":97,"column":2},"end":{"line":99,"column":3}},{"start":{},"end":{}}],"line":97},"17":{"loc":{"start":{"line":97,"column":6},"end":{"line":97,"column":94}},"type":"binary-expr","locations":[{"start":{"line":97,"column":6},"end":{"line":97,"column":48}},{"start":{"line":97,"column":52},"end":{"line":97,"column":94}}],"line":97},"18":{"loc":{"start":{"line":114,"column":64},"end":{"line":114,"column":86}},"type":"default-arg","locations":[{"start":{"line":114,"column":82},"end":{"line":114,"column":86}}],"line":114},"19":{"loc":{"start":{"line":116,"column":2},"end":{"line":118,"column":3}},"type":"if","locations":[{"start":{"line":116,"column":2},"end":{"line":118,"column":3}},{"start":{},"end":{}}],"line":116},"20":{"loc":{"start":{"line":120,"column":2},"end":{"line":136,"column":3}},"type":"if","locations":[{"start":{"line":120,"column":2},"end":{"line":136,"column":3}},{"start":{},"end":{}}],"line":120},"21":{"loc":{"start":{"line":121,"column":4},"end":{"line":124,"column":5}},"type":"if","locations":[{"start":{"line":121,"column":4},"end":{"line":124,"column":5}},{"start":{},"end":{}}],"line":121},"22":{"loc":{"start":{"line":125,"column":4},"end":{"line":127,"column":5}},"type":"if","locations":[{"start":{"line":125,"column":4},"end":{"line":127,"column":5}},{"start":{},"end":{}}],"line":125},"23":{"loc":{"start":{"line":138,"column":2},"end":{"line":141,"column":3}},"type":"if","locations":[{"start":{"line":138,"column":2},"end":{"line":141,"column":3}},{"start":{},"end":{}}],"line":138},"24":{"loc":{"start":{"line":143,"column":2},"end":{"line":145,"column":3}},"type":"if","locations":[{"start":{"line":143,"column":2},"end":{"line":145,"column":3}},{"start":{},"end":{}}],"line":143}},"s":{"0":1,"1":0,"2":0,"3":0,"4":0,"5":0,"6":0,"7":0,"8":0,"9":0,"10":0,"11":0,"12":0,"13":0,"14":0,"15":0,"16":0,"17":0,"18":0,"19":0,"20":0,"21":0,"22":0,"23":0,"24":0,"25":0,"26":0,"27":0,"28":0,"29":0,"30":0,"31":0,"32":0,"33":0,"34":0,"35":0,"36":0,"37":0,"38":0,"39":0,"40":0,"41":0,"42":0,"43":0,"44":0,"45":0,"46":0,"47":0,"48":0,"49":0,"50":0,"51":0,"52":0,"53":0,"54":0,"55":0,"56":0,"57":0,"58":0,"59":0,"60":0,"61":0,"62":0,"63":0,"64":0,"65":0,"66":0,"67":0,"68":0,"69":0,"70":0,"71":0,"72":0,"73":0,"74":0,"75":0,"76":0,"77":0,"78":0,"79":0,"80":0,"81":0,"82":0,"83":0,"84":0,"85":0,"86":0,"87":0,"88":0,"89":0,"90":0,"91":0,"92":0},"f":{"0":0,"1":0,"2":0,"3":0,"4":0,"5":0,"6":0,"7":0,"8":0,"9":0},"b":{"0":[0],"1":[0],"2":[0],"3":[0],"4":[0,0],"5":[0,0],"6":[0,0],"7":[0,0],"8":[0,0],"9":[0,0],"10":[0,0],"11":[0,0],"12":[0,0],"13":[0,0],"14":[0,0],"15":[0,0],"16":[0,0],"17":[0,0],"18":[0],"19":[0,0],"20":[0,0],"21":[0,0],"22":[0,0],"23":[0,0],"24":[0,0]},"_coverageSchema":"1a1c01bbd47fc00a2c39e90264f33305004495a9","hash":"b5eda783c29f06fed526b0015493554488adc97d"}
,"C:\\Users\\charl\\web dev\\fenix-26\\backend\\src\\services\\qrService.js": {"path":"C:\\Users\\charl\\web dev\\fenix-26\\backend\\src\\services\\qrService.js","statementMap":{"0":{"start":{"line":5,"column":18},"end":{"line":5,"column":106}},"1":{"start":{"line":6,"column":2},"end":{"line":6,"column":17}},"2":{"start":{"line":10,"column":2},"end":{"line":23,"column":3}},"3":{"start":{"line":11,"column":22},"end":{"line":18,"column":6}},"4":{"start":{"line":19,"column":4},"end":{"line":19,"column":21}},"5":{"start":{"line":21,"column":4},"end":{"line":21,"column":61}},"6":{"start":{"line":22,"column":4},"end":{"line":22,"column":50}},"7":{"start":{"line":27,"column":2},"end":{"line":40,"column":3}},"8":{"start":{"line":28,"column":19},"end":{"line":35,"column":6}},"9":{"start":{"line":36,"column":4},"end":{"line":36,"column":18}},"10":{"start":{"line":38,"column":4},"end":{"line":38,"column":68}},"11":{"start":{"line":39,"column":4},"end":{"line":39,"column":50}}},"fnMap":{"0":{"name":"generateUPIPayload","decl":{"start":{"line":4,"column":22},"end":{"line":4,"column":40}},"loc":{"start":{"line":4,"column":65},"end":{"line":7,"column":1}},"line":4},"1":{"name":"generateQRCode","decl":{"start":{"line":9,"column":22},"end":{"line":9,"column":36}},"loc":{"start":{"line":9,"column":43},"end":{"line":24,"column":1}},"line":9},"2":{"name":"generateQRCodeBuffer","decl":{"start":{"line":26,"column":22},"end":{"line":26,"column":42}},"loc":{"start":{"line":26,"column":49},"end":{"line":41,"column":1}},"line":26}},"branchMap":{},"s":{"0":0,"1":0,"2":0,"3":0,"4":0,"5":0,"6":0,"7":0,"8":0,"9":0,"10":0,"11":0},"f":{"0":0,"1":0,"2":0},"b":{},"_coverageSchema":"1a1c01bbd47fc00a2c39e90264f33305004495a9","hash":"c5e34ce5b4039fd230d3282b67d40eb7f22a9aa6"}
,"C:\\Users\\charl\\web dev\\fenix-26\\backend\\src\\utils\\generateRegistrationId.js": {"path":"C:\\Users\\charl\\web dev\\fenix-26\\backend\\src\\utils\\generateRegistrationId.js","statementMap":{"0":{"start":{"line":1,"column":14},"end":{"line":1,"column":15}},"1":{"start":{"line":4,"column":15},"end":{"line":4,"column":39}},"2":{"start":{"line":5,"column":2},"end":{"line":5,"column":15}},"3":{"start":{"line":6,"column":17},"end":{"line":6,"column":49}},"4":{"start":{"line":7,"column":2},"end":{"line":7,"column":33}},"5":{"start":{"line":11,"column":16},"end":{"line":11,"column":56}},"6":{"start":{"line":12,"column":2},"end":{"line":12,"column":18}}},"fnMap":{"0":{"name":"generateRegistrationId","decl":{"start":{"line":3,"column":16},"end":{"line":3,"column":38}},"loc":{"start":{"line":3,"column":41},"end":{"line":8,"column":1}},"line":3},"1":{"name":"initRegistrationIdCounter","decl":{"start":{"line":10,"column":22},"end":{"line":10,"column":47}},"loc":{"start":{"line":10,"column":67},"end":{"line":13,"column":1}},"line":10}},"branchMap":{},"s":{"0":1,"1":4,"2":4,"3":4,"4":4,"5":0,"6":0},"f":{"0":4,"1":0},"b":{},"_coverageSchema":"1a1c01bbd47fc00a2c39e90264f33305004495a9","hash":"e47a05002a2895090b35f0f230d4e418a7d9e124"}
,"C:\\Users\\charl\\web dev\\fenix-26\\backend\\src\\utils\\logger.js": {"path":"C:\\Users\\charl\\web dev\\fenix-26\\backend\\src\\utils\\logger.js","statementMap":{"0":{"start":{"line":3,"column":15},"end":{"line":15,"column":2}},"1":{"start":{"line":17,"column":0},"end":{"line":24,"column":1}},"2":{"start":{"line":18,"column":2},"end":{"line":23,"column":6}}},"fnMap":{},"branchMap":{"0":{"loc":{"start":{"line":4,"column":9},"end":{"line":4,"column":40}},"type":"binary-expr","locations":[{"start":{"line":4,"column":9},"end":{"line":4,"column":30}},{"start":{"line":4,"column":34},"end":{"line":4,"column":40}}],"line":4},"1":{"loc":{"start":{"line":17,"column":0},"end":{"line":24,"column":1}},"type":"if","locations":[{"start":{"line":17,"column":0},"end":{"line":24,"column":1}},{"start":{},"end":{}}],"line":17}},"s":{"0":2,"1":2,"2":2},"f":{},"b":{"0":[2,2],"1":[2,0]},"_coverageSchema":"1a1c01bbd47fc00a2c39e90264f33305004495a9","hash":"78b9e0a3049d8ec02d4bae574e4800a79bb06d48"}
}
