TN:
SF:src\middleware\errorHandler.js
FN:3,errorHandler
FN:27,(anonymous_1)
FNF:2
FNH:1
FNDA:0,errorHandler
FNDA:2,(anonymous_1)
DA:4,0
DA:5,0
DA:6,0
DA:8,0
DA:15,0
DA:28,2
DA:29,2
DA:30,2
DA:31,2
DA:32,2
LF:10
LH:5
BRDA:4,0,0,0
BRDA:4,0,1,0
BRDA:5,1,0,0
BRDA:5,1,1,0
BRDA:6,2,0,0
BRDA:6,2,1,0
BRDA:10,3,0,0
BRDA:10,3,1,0
BRDA:19,4,0,0
BRDA:19,4,1,0
BRDA:21,5,0,0
BRDA:21,5,1,0
BRDA:27,6,0,0
BRDA:27,7,0,0
BRDA:27,8,0,2
BRF:15
BRH:1
end_of_record
TN:
SF:src\models\Event.js
FNF:0
FNH:0
DA:3,1
DA:11,1
DA:18,1
DA:31,1
LF:4
LH:4
BRF:0
BRH:0
end_of_record
TN:
SF:src\models\Registration.js
FN:90,(anonymous_0)
FNF:1
FNH:1
FNDA:2,(anonymous_0)
DA:4,1
DA:11,1
DA:18,1
DA:24,1
DA:44,1
DA:84,1
DA:85,1
DA:86,1
DA:87,1
DA:88,1
DA:90,1
DA:91,2
DA:92,0
DA:94,2
DA:97,1
LF:15
LH:14
BRDA:91,0,0,0
BRDA:91,0,1,2
BRF:2
BRH:1
end_of_record
TN:
SF:src\services\paymentService.js
FN:6,calculateAmount
FN:14,(anonymous_1)
FN:39,(anonymous_2)
FN:54,(anonymous_3)
FN:55,(anonymous_4)
FN:80,processPaymentScreenshot
FN:103,verifyPayment
FN:147,getRegistrationByRegId
FN:151,getRegistrationByEmail
FN:155,checkDuplicateRegistration
FNF:10
FNH:0
FNDA:0,calculateAmount
FNDA:0,(anonymous_1)
FNDA:0,(anonymous_2)
FNDA:0,(anonymous_3)
FNDA:0,(anonymous_4)
FNDA:0,processPaymentScreenshot
FNDA:0,verifyPayment
FNDA:0,getRegistrationByRegId
FNDA:0,getRegistrationByEmail
FNDA:0,checkDuplicateRegistration
DA:7,0
DA:8,0
DA:9,0
DA:10,0
DA:13,0
DA:14,0
DA:15,0
DA:18,0
DA:19,0
DA:21,0
DA:22,0
DA:23,0
DA:24,0
DA:26,0
DA:27,0
DA:29,0
DA:30,0
DA:38,0
DA:39,0
DA:40,0
DA:41,0
DA:43,0
DA:44,0
DA:46,0
DA:47,0
DA:54,0
DA:55,0
DA:56,0
DA:58,0
DA:59,0
DA:60,0
DA:61,0
DA:62,0
DA:63,0
DA:64,0
DA:65,0
DA:67,0
DA:71,0
DA:73,0
DA:75,0
DA:76,0
DA:81,0
DA:82,0
DA:83,0
DA:86,0
DA:87,0
DA:90,0
DA:91,0
DA:92,0
DA:93,0
DA:94,0
DA:95,0
DA:97,0
DA:98,0
DA:100,0
DA:104,0
DA:105,0
DA:106,0
DA:109,0
DA:110,0
DA:111,0
DA:112,0
DA:114,0
DA:115,0
DA:117,0
DA:118,0
DA:119,0
DA:120,0
DA:121,0
DA:122,0
DA:123,0
DA:124,0
DA:127,0
DA:128,0
DA:129,0
DA:132,0
DA:133,0
DA:136,0
DA:137,0
DA:138,0
DA:139,0
DA:140,0
DA:141,0
DA:142,0
DA:144,0
DA:148,0
DA:152,0
DA:156,0
LF:88
LH:0
BRDA:6,0,0,0
BRDA:6,1,0,0
BRDA:6,2,0,0
BRDA:6,3,0,0
BRDA:9,4,0,0
BRDA:9,4,1,0
BRDA:23,5,0,0
BRDA:23,5,1,0
BRDA:26,6,0,0
BRDA:26,6,1,0
BRDA:40,7,0,0
BRDA:40,7,1,0
BRDA:43,8,0,0
BRDA:43,8,1,0
BRDA:56,9,0,0
BRDA:56,9,1,0
BRDA:59,10,0,0
BRDA:59,10,1,0
BRDA:60,11,0,0
BRDA:60,11,1,0
BRDA:61,12,0,0
BRDA:61,12,1,0
BRDA:62,13,0,0
BRDA:62,13,1,0
BRDA:63,14,0,0
BRDA:63,14,1,0
BRDA:64,15,0,0
BRDA:64,15,1,0
BRDA:65,16,0,0
BRDA:65,16,1,0
BRDA:82,17,0,0
BRDA:82,17,1,0
BRDA:86,18,0,0
BRDA:86,18,1,0
BRDA:86,19,0,0
BRDA:86,19,1,0
BRDA:103,20,0,0
BRDA:105,21,0,0
BRDA:105,21,1,0
BRDA:109,22,0,0
BRDA:109,22,1,0
BRDA:110,23,0,0
BRDA:110,23,1,0
BRDA:114,24,0,0
BRDA:114,24,1,0
BRDA:127,25,0,0
BRDA:127,25,1,0
BRDA:132,26,0,0
BRDA:132,26,1,0
BRF:49
BRH:0
end_of_record
TN:
SF:src\services\qrService.js
FN:4,generateUPIPayload
FN:9,generateQRCode
FN:26,generateQRCodeBuffer
FNF:3
FNH:0
FNDA:0,generateUPIPayload
FNDA:0,generateQRCode
FNDA:0,generateQRCodeBuffer
DA:5,0
DA:6,0
DA:10,0
DA:11,0
DA:19,0
DA:21,0
DA:22,0
DA:27,0
DA:28,0
DA:36,0
DA:38,0
DA:39,0
LF:12
LH:0
BRF:0
BRH:0
end_of_record
TN:
SF:src\utils\generateRegistrationId.js
FN:3,generateRegistrationId
FNF:1
FNH:1
FNDA:4,generateRegistrationId
DA:1,1
DA:4,4
DA:5,4
DA:6,4
DA:7,4
LF:5
LH:5
BRF:0
BRH:0
end_of_record
TN:
SF:src\utils\logger.js
FNF:0
FNH:0
DA:3,2
DA:17,2
DA:18,2
LF:3
LH:3
BRDA:4,0,0,2
BRDA:4,0,1,2
BRDA:17,1,0,2
BRDA:17,1,1,0
BRF:4
BRH:3
end_of_record
