TN:
SF:src\middleware\errorHandler.js
FN:3,errorHandler
FN:27,(anonymous_1)
FNF:2
FNH:1
FNDA:0,errorHandler
FNDA:2,(anonymous_1)
DA:4,0
DA:5,0
DA:6,0
DA:8,0
DA:15,0
DA:28,2
DA:29,2
DA:30,2
DA:31,2
DA:32,2
LF:10
LH:5
BRDA:4,0,0,0
BRDA:4,0,1,0
BRDA:5,1,0,0
BRDA:5,1,1,0
BRDA:6,2,0,0
BRDA:6,2,1,0
BRDA:10,3,0,0
BRDA:10,3,1,0
BRDA:19,4,0,0
BRDA:19,4,1,0
BRDA:21,5,0,0
BRDA:21,5,1,0
BRDA:27,6,0,0
BRDA:27,7,0,0
BRDA:27,8,0,2
BRF:15
BRH:1
end_of_record
TN:
SF:src\models\Event.js
FNF:0
FNH:0
DA:3,1
DA:11,1
DA:18,1
DA:31,1
LF:4
LH:4
BRF:0
BRH:0
end_of_record
TN:
SF:src\models\Registration.js
FN:94,(anonymous_0)
FNF:1
FNH:1
FNDA:2,(anonymous_0)
DA:4,1
DA:9,1
DA:14,1
DA:21,1
DA:27,1
DA:47,1
DA:88,1
DA:89,1
DA:90,1
DA:91,1
DA:92,1
DA:94,1
DA:95,2
DA:96,0
DA:98,2
DA:101,1
LF:16
LH:15
BRDA:95,0,0,0
BRDA:95,0,1,2
BRF:2
BRH:1
end_of_record
TN:
SF:src\services\paymentService.js
FN:12,calculateAmount
FN:20,(anonymous_1)
FN:46,(anonymous_2)
FN:61,(anonymous_3)
FN:62,(anonymous_4)
FN:91,processPaymentScreenshot
FN:114,verifyPayment
FN:158,getRegistrationByRegId
FN:162,getRegistrationByEmail
FN:166,checkDuplicateRegistration
FNF:10
FNH:0
FNDA:0,calculateAmount
FNDA:0,(anonymous_1)
FNDA:0,(anonymous_2)
FNDA:0,(anonymous_3)
FNDA:0,(anonymous_4)
FNDA:0,processPaymentScreenshot
FNDA:0,verifyPayment
FNDA:0,getRegistrationByRegId
FNDA:0,getRegistrationByEmail
FNDA:0,checkDuplicateRegistration
DA:6,1
DA:13,0
DA:14,0
DA:15,0
DA:16,0
DA:19,0
DA:20,0
DA:21,0
DA:26,0
DA:27,0
DA:29,0
DA:30,0
DA:31,0
DA:32,0
DA:34,0
DA:35,0
DA:37,0
DA:45,0
DA:46,0
DA:47,0
DA:48,0
DA:50,0
DA:51,0
DA:53,0
DA:54,0
DA:61,0
DA:62,0
DA:63,0
DA:65,0
DA:66,0
DA:69,0
DA:70,0
DA:71,0
DA:72,0
DA:73,0
DA:74,0
DA:75,0
DA:76,0
DA:78,0
DA:82,0
DA:84,0
DA:86,0
DA:87,0
DA:92,0
DA:93,0
DA:94,0
DA:97,0
DA:98,0
DA:101,0
DA:102,0
DA:103,0
DA:104,0
DA:105,0
DA:106,0
DA:108,0
DA:109,0
DA:111,0
DA:115,0
DA:116,0
DA:117,0
DA:120,0
DA:121,0
DA:122,0
DA:123,0
DA:125,0
DA:126,0
DA:128,0
DA:129,0
DA:130,0
DA:131,0
DA:132,0
DA:133,0
DA:134,0
DA:135,0
DA:138,0
DA:139,0
DA:140,0
DA:143,0
DA:144,0
DA:147,0
DA:148,0
DA:149,0
DA:150,0
DA:151,0
DA:152,0
DA:153,0
DA:155,0
DA:159,0
DA:163,0
DA:167,0
LF:90
LH:1
BRDA:12,0,0,0
BRDA:12,1,0,0
BRDA:12,2,0,0
BRDA:12,3,0,0
BRDA:15,4,0,0
BRDA:15,4,1,0
BRDA:31,5,0,0
BRDA:31,5,1,0
BRDA:34,6,0,0
BRDA:34,6,1,0
BRDA:47,7,0,0
BRDA:47,7,1,0
BRDA:50,8,0,0
BRDA:50,8,1,0
BRDA:63,9,0,0
BRDA:63,9,1,0
BRDA:65,10,0,0
BRDA:65,10,1,0
BRDA:70,11,0,0
BRDA:70,11,1,0
BRDA:72,12,0,0
BRDA:72,12,1,0
BRDA:73,13,0,0
BRDA:73,13,1,0
BRDA:75,14,0,0
BRDA:75,14,1,0
BRDA:93,15,0,0
BRDA:93,15,1,0
BRDA:97,16,0,0
BRDA:97,16,1,0
BRDA:97,17,0,0
BRDA:97,17,1,0
BRDA:114,18,0,0
BRDA:116,19,0,0
BRDA:116,19,1,0
BRDA:120,20,0,0
BRDA:120,20,1,0
BRDA:121,21,0,0
BRDA:121,21,1,0
BRDA:125,22,0,0
BRDA:125,22,1,0
BRDA:138,23,0,0
BRDA:138,23,1,0
BRDA:143,24,0,0
BRDA:143,24,1,0
BRF:45
BRH:0
end_of_record
TN:
SF:src\services\qrService.js
FN:4,generateUPIPayload
FN:9,generateQRCode
FN:26,generateQRCodeBuffer
FNF:3
FNH:0
FNDA:0,generateUPIPayload
FNDA:0,generateQRCode
FNDA:0,generateQRCodeBuffer
DA:5,0
DA:6,0
DA:10,0
DA:11,0
DA:19,0
DA:21,0
DA:22,0
DA:27,0
DA:28,0
DA:36,0
DA:38,0
DA:39,0
LF:12
LH:0
BRF:0
BRH:0
end_of_record
TN:
SF:src\utils\generateRegistrationId.js
FN:3,generateRegistrationId
FN:10,initRegistrationIdCounter
FNF:2
FNH:1
FNDA:4,generateRegistrationId
FNDA:0,initRegistrationIdCounter
DA:1,1
DA:4,4
DA:5,4
DA:6,4
DA:7,4
DA:11,0
DA:12,0
LF:7
LH:5
BRF:0
BRH:0
end_of_record
TN:
SF:src\utils\logger.js
FNF:0
FNH:0
DA:3,2
DA:17,2
DA:18,2
LF:3
LH:3
BRDA:4,0,0,2
BRDA:4,0,1,2
BRDA:17,1,0,2
BRDA:17,1,1,0
BRF:4
BRH:3
end_of_record
